<?xml version="1.0" encoding="UTF-8"?>
<!-- Generated by org.testng.reporters.JUnitReportReporter -->
<testsuite hostname="NEETHAY-PC" name="com.POM.NewToursHomePageTesting" tests="1" failures="0" timestamp="8 May 2018 18:51:30 GMT" time="10.669" errors="0">
  <testcase name="HomePageTesting" time="10.669" classname="com.POM.NewToursHomePageTesting"/>
</testsuite> <!-- com.POM.NewToursHomePageTesting -->
