<?xml version="1.0" encoding="UTF-8"?>
<!-- Generated by org.testng.reporters.JUnitReportReporter -->
<testsuite hostname="NEETHAY-PC" name="com.DataDriven.NewUserRegistration" tests="2" failures="0" timestamp="8 May 2018 04:25:54 GMT" time="3.065" errors="0">
  <testcase name="UserRegistration" time="2.698" classname="com.DataDriven.NewUserRegistration"/>
  <testcase name="Register" time="0.367" classname="com.DataDriven.NewUserRegistration"/>
</testsuite> <!-- com.DataDriven.NewUserRegistration -->
