<?xml version="1.0" encoding="UTF-8"?>
<!-- Generated by org.testng.reporters.JUnitReportReporter -->
<testsuite hostname="NEETHAY-PC" name="com.Grid.NewToursLogInTest" tests="2" failures="0" timestamp="11 May 2018 12:45:01 GMT" time="63.337" errors="0">
  <testcase name="LogIN" time="37.564" classname="com.Grid.NewToursLogInTest"/>
  <testcase name="LogIN" time="25.773" classname="com.Grid.NewToursLogInTest"/>
</testsuite> <!-- com.Grid.NewToursLogInTest -->
