<?xml version="1.0" encoding="UTF-8"?>
<!-- Generated by org.testng.reporters.JUnitReportReporter -->
<testsuite hostname="NEETHAY-PC" name="com.Annotations.Annotations2" tests="2" failures="0" timestamp="6 May 2018 03:45:52 GMT" time="0.009" errors="0">
  <testcase name="ComposeMail" time="0.002" classname="com.Annotations.Annotations2"/>
  <testcase name="InBox" time="0.007" classname="com.Annotations.Annotations2"/>
</testsuite> <!-- com.Annotations.Annotations2 -->
