<?xml version="1.0" encoding="UTF-8"?>
<!-- Generated by org.testng.reporters.JUnitReportReporter -->
<testsuite hostname="NEETHAY-PC" name="com.Annotations.Annotations1" tests="3" failures="0" timestamp="3 May 2018 12:30:55 GMT" time="0.021" errors="0">
  <testcase name="BrowserLaunch" time="0.017" classname="com.Annotations.Annotations1"/>
  <testcase name="LogIn" time="0.002" classname="com.Annotations.Annotations1"/>
  <testcase name="InBox" time="0.002" classname="com.Annotations.Annotations1"/>
</testsuite> <!-- com.Annotations.Annotations1 -->
