<?xml version="1.0" encoding="UTF-8"?>
<!-- Generated by org.testng.reporters.JUnitReportReporter -->
<testsuite hostname="NEETHAY-PC" name="com.Annotations.NewToursLogInTest" tests="1" failures="0" timestamp="3 May 2018 12:56:13 GMT" time="5.641" errors="0">
  <testcase name="LogIn" time="5.641" classname="com.Annotations.NewToursLogInTest"/>
</testsuite> <!-- com.Annotations.NewToursLogInTest -->
