<?xml version="1.0" encoding="UTF-8"?>
<!-- Generated by org.testng.reporters.JUnitReportReporter -->
<testsuite hostname="NEETHAY-PC" name="com.KeyWord.NewTours_LogInTest" tests="1" failures="0" timestamp="10 May 2018 12:21:38 GMT" time="4.398" errors="0">
  <testcase name="LogIn" time="4.398" classname="com.KeyWord.NewTours_LogInTest"/>
</testsuite> <!-- com.KeyWord.NewTours_LogInTest -->
