<?xml version="1.0" encoding="UTF-8"?>
<!-- Generated by org.testng.reporters.JUnitReportReporter -->
<testsuite hostname="NEETHAY-PC" name="com.DataDriven.NewUserRegistration_ExcelTestData" tests="2" failures="0" timestamp="8 May 2018 12:57:57 GMT" time="9.904" errors="0">
  <testcase name="Register" time="0.353" classname="com.DataDriven.NewUserRegistration_ExcelTestData"/>
  <testcase name="UserRegistration" time="9.551" classname="com.DataDriven.NewUserRegistration_ExcelTestData"/>
</testsuite> <!-- com.DataDriven.NewUserRegistration_ExcelTestData -->
