<?xml version="1.0" encoding="UTF-8"?>
<!-- Generated by org.testng.reporters.JUnitReportReporter -->
<testsuite hostname="NEETHAY-PC" name="com.Annotations.Annotations3" tests="2" failures="0" timestamp="6 May 2018 03:43:44 GMT" time="0.018" errors="0">
  <testcase name="ComposeMail" time="0.011" classname="com.Annotations.Annotations3"/>
  <testcase name="InBox" time="0.007" classname="com.Annotations.Annotations3"/>
</testsuite> <!-- com.Annotations.Annotations3 -->
