<?xml version="1.0" encoding="UTF-8"?>
<!-- Generated by org.testng.reporters.JUnitReportReporter -->
<testsuite hostname="NEETHAY-PC" name="com.Keyword.Facebook_Login" tests="1" failures="0" timestamp="8 May 2018 16:27:55 GMT" time="3.628" errors="0">
  <testcase name="Login" time="3.628" classname="com.Keyword.Facebook_Login"/>
</testsuite> <!-- com.Keyword.Facebook_Login -->
