<?xml version="1.0" encoding="UTF-8"?>
<!-- Generated by org.testng.reporters.JUnitReportReporter -->
<testsuite hostname="NEETHAY-PC" name="com.DataDrivenExcelData.UserRegistration_ExcelData" tests="2" failures="0" timestamp="8 May 2018 19:29:52 GMT" time="11.068" errors="0">
  <testcase name="UserRegister" time="10.796" classname="com.DataDrivenExcelData.UserRegistration_ExcelData"/>
  <testcase name="Register" time="0.272" classname="com.DataDrivenExcelData.UserRegistration_ExcelData"/>
</testsuite> <!-- com.DataDrivenExcelData.UserRegistration_ExcelData -->
