<?xml version="1.0" encoding="UTF-8"?>
<!-- Generated by org.testng.reporters.JUnitReportReporter -->
<testsuite hostname="NEETHAY-PC" name="com.POM.NewToursHomePageTesting" tests="1" failures="0" timestamp="8 May 2018 19:01:23 GMT" time="15.085" errors="0">
  <testcase name="newtourshomepagetesting" time="15.085" classname="com.POM.NewToursHomePageTesting"/>
</testsuite> <!-- com.POM.NewToursHomePageTesting -->
