<?xml version="1.0" encoding="UTF-8"?>
<!-- Generated by org.testng.reporters.JUnitReportReporter -->
<testsuite hostname="NEETHAY-PC" name="com.DataDrivenExcelData.UserRegistration" tests="2" failures="0" timestamp="8 May 2018 19:29:52 GMT" time="2.802" errors="0">
  <testcase name="Register" time="0.308" classname="com.DataDrivenExcelData.UserRegistration"/>
  <testcase name="UserRegistration" time="2.494" classname="com.DataDrivenExcelData.UserRegistration"/>
</testsuite> <!-- com.DataDrivenExcelData.UserRegistration -->
